<?xml version="1.0" encoding="UTF-8"?>
<testng-results skipped="0" failed="0" total="1" passed="1">
  <reporter-output>
  </reporter-output>
  <suite name="Default suite" duration-ms="46635" started-at="2021-05-10T08:30:57Z" finished-at="2021-05-10T08:31:44Z">
    <groups>
    </groups>
    <test name="Default test" duration-ms="46635" started-at="2021-05-10T08:30:57Z" finished-at="2021-05-10T08:31:44Z">
      <class name="com.digival.task.digival.TranslateJava">
        <test-method status="PASS" signature="test()[pri:0, instance:com.digival.task.digival.TranslateJava@5b275dab]" name="test" duration-ms="46272" started-at="2021-05-10T14:00:58Z" finished-at="2021-05-10T14:01:44Z">
          <reporter-output>
          </reporter-output>
        </test-method> <!-- test -->
        <test-method status="PASS" signature="amethod()[pri:0, instance:com.digival.task.digival.TranslateJava@5b275dab]" name="amethod" is-config="true" duration-ms="295" started-at="2021-05-10T14:01:44Z" finished-at="2021-05-10T14:01:44Z">
          <reporter-output>
          </reporter-output>
        </test-method> <!-- amethod -->
      </class> <!-- com.digival.task.digival.TranslateJava -->
    </test> <!-- Default test -->
  </suite> <!-- Default suite -->
</testng-results>
